0
not found hosts_v1
Creating config Pool_3_hosts_CF_v1
Updating service Pool_3_Squid_3 (id: dyktfwhh3ulzpnn1je4m2ap7o)
0
      - source: hosts_CF_v1
  hosts_CF_v1:
found hosts_CF_v1
Creating config Pool_3_hosts_CF_v2
Updating service Pool_3_Squid_3 (id: dyktfwhh3ulzpnn1je4m2ap7o)
0
not found hosts_v1
Creating config Pool_3_hosts_CF_v1
Updating service Pool_3_Squid_3 (id: dyktfwhh3ulzpnn1je4m2ap7o)
0
      - source: hosts_CF_v1
  hosts_CF_v1:
found hosts_CF_v1
Creating config Pool_3_hosts_CF_v2
Updating service Pool_3_Squid_3 (id: dyktfwhh3ulzpnn1je4m2ap7o)
0
not found hosts_v1
Creating config Pool_3_hosts_CF_v1
Updating service Pool_3_Squid_3 (id: dyktfwhh3ulzpnn1je4m2ap7o)
0
      - source: hosts_CF_v1
  hosts_CF_v1:
found hosts_CF_v1
Creating config Pool_3_hosts_CF_v2
Updating service Pool_3_Squid_3 (id: dyktfwhh3ulzpnn1je4m2ap7o)
0
not found hosts_v1
Creating config Pool_3_hosts_CF_v1
Updating service Pool_3_Squid_3 (id: dyktfwhh3ulzpnn1je4m2ap7o)
0
      - source: hosts_CF_v1
  hosts_CF_v1:
found hosts_CF_v1
Creating config Pool_3_hosts_CF_v2
Updating service Pool_3_Squid_3 (id: dyktfwhh3ulzpnn1je4m2ap7o)
0
not found hosts_v1
Creating config Pool_3_hosts_CF_v1
Updating service Pool_3_Squid_3 (id: dyktfwhh3ulzpnn1je4m2ap7o)
0
      - source: hosts_CF_v1
  hosts_CF_v1:
found hosts_CF_v1
Creating config Pool_3_hosts_CF_v2
Updating service Pool_3_Squid_3 (id: dyktfwhh3ulzpnn1je4m2ap7o)
0
not found hosts_v1
Creating config Pool_3_hosts_CF_v1
Updating service Pool_3_Squid_3 (id: dyktfwhh3ulzpnn1je4m2ap7o)
0
      - source: hosts_CF_v1
  hosts_CF_v1:
found hosts_CF_v1
Creating config Pool_3_hosts_CF_v2
Updating service Pool_3_Squid_3 (id: dyktfwhh3ulzpnn1je4m2ap7o)
0
not found hosts_v1
Creating config Pool_3_hosts_CF_v1
Updating service Pool_3_Squid_3 (id: dyktfwhh3ulzpnn1je4m2ap7o)
0
      - source: hosts_CF_v1
  hosts_CF_v1:
found hosts_CF_v1
Creating config Pool_3_hosts_CF_v2
Updating service Pool_3_Squid_3 (id: dyktfwhh3ulzpnn1je4m2ap7o)
0
not found hosts_v1
Creating config Pool_3_hosts_CF_v1
Updating service Pool_3_Squid_3 (id: dyktfwhh3ulzpnn1je4m2ap7o)
0
      - source: hosts_CF_v1
  hosts_CF_v1:
found hosts_CF_v1
Creating config Pool_3_hosts_CF_v2
Updating service Pool_3_Squid_3 (id: dyktfwhh3ulzpnn1je4m2ap7o)
0
not found hosts_v1
Creating config Pool_3_hosts_CF_v1
Updating service Pool_3_Squid_3 (id: dyktfwhh3ulzpnn1je4m2ap7o)
0
      - source: hosts_CF_v1
  hosts_CF_v1:
found hosts_CF_v1
Creating config Pool_3_hosts_CF_v2
Updating service Pool_3_Squid_3 (id: dyktfwhh3ulzpnn1je4m2ap7o)
0
not found hosts_v1
Creating config Pool_3_hosts_CF_v1
Updating service Pool_3_Squid_3 (id: dyktfwhh3ulzpnn1je4m2ap7o)
0
      - source: hosts_CF_v1
  hosts_CF_v1:
found hosts_CF_v1
Creating config Pool_3_hosts_CF_v2
Updating service Pool_3_Squid_3 (id: dyktfwhh3ulzpnn1je4m2ap7o)
0
      - source: hosts_CF_v1
  hosts_CF_v1:
found hosts_CF_v1
Creating config Pool_3_hosts_CF_v2
Updating service Pool_3_Squid_3 (id: dyktfwhh3ulzpnn1je4m2ap7o)
0
not found hosts_v1
Creating config Pool_3_hosts_CF_v1
Updating service Pool_3_Squid_3 (id: dyktfwhh3ulzpnn1je4m2ap7o)
0
      - source: hosts_CF_v1
  hosts_CF_v1:
found hosts_CF_v1
Creating config Pool_3_hosts_CF_v2
Updating service Pool_3_Squid_3 (id: dyktfwhh3ulzpnn1je4m2ap7o)
0
not found hosts_v1
Creating config Pool_3_hosts_CF_v1
Updating service Pool_3_Squid_3 (id: dyktfwhh3ulzpnn1je4m2ap7o)
0
      - source: hosts_CF_v1
  hosts_CF_v1:
found hosts_CF_v1
Creating config Pool_3_hosts_CF_v2
Updating service Pool_3_Squid_3 (id: dyktfwhh3ulzpnn1je4m2ap7o)
0
not found hosts_v1
Creating config Pool_3_hosts_CF_v1
Updating service Pool_3_Squid_3 (id: dyktfwhh3ulzpnn1je4m2ap7o)
0
      - source: hosts_CF_v1
  hosts_CF_v1:
found hosts_CF_v1
Creating config Pool_3_hosts_CF_v2
Updating service Pool_3_Squid_3 (id: dyktfwhh3ulzpnn1je4m2ap7o)
0
not found hosts_v1
Creating config Pool_3_hosts_CF_v1
Updating service Pool_3_Squid_3 (id: dyktfwhh3ulzpnn1je4m2ap7o)
