gzuotjprvwa4ax0i0fpoc09s0
pf5lkez34shvsu4zd41s0lsmr
kys6dm45f3cxx0qgycekh8bjq
hz9xjx4ghgai4jv8ajr2r6is8
7bazhuuqpcsv66xbytud7qbn8
p1djeoiqfrpszjplgxmaydroj
lyrid0wdyw64cjn51a9ynd0hu
txwlkr6h3d59v9vj5vif8ur6k
7g2ekkplouwosrk97hhowmkwi
qoflznjn2d1l07hosy2umvuwy
s2ou625zwo1a8xi1wa1b8pf9z
rz75yz87j6kcqmqnkvv0lhgg1
gqa8dibioabtjcx7m0wczjw2j
k55t56uembvp7jjmt7y6znkuq
f7dl77r89bgq3262wggiiestl
wmutobk20xggzoby5vz6iul8v
8bxep4nfctjymzcnraxotgh6j
zei5t8vxyjoazkggaa06331vm
bvz3sdhybm5kawvfd1yi19bf9
t1enaliq2xf1jn6sptow655fr
nh0aumu8f3ccolw6kstfeigrk
dnamygmunefddeguxtbowhz2v
nv1m2o9ki3w8hdzxu8k2qe02y
iqey70ikpko7fnhd64che160l
rpnmtjct2ai4yp6yb55saavgd
jw8583hkiq9qgpb3328ov5s53
kjwd2ki9rfieqyjw41iv5jhjy
ajnyiowjf3ltzn3k8zs005c0y
5duzwaewvlygnasspt41561sb
8zhwkew5bqjrb90ej899dshwl
fqejuv67nhzcv7zbwjr59ddhf
w9teiz75pid147ptk1g30yv3c
he2no1841xo9qrv1erju4kns1
zfpa4xv3sr0ad3s0deuvx8oyt
jutgcql1emyamn3qni05jbuz6
as082tmzdcz8pin9nafuwc1rq
9bp59950yjmvzg7fcwfd4ejn7
w2rb4o2ytbpk0a95gbwakfdg0
q6kojywk0ai4hgxitlqjtfqzc
kh5poww0xil1bz0zg788mntv4
jfhusn5aa2uuzgj01p6p8141k
mlk2a0n7rstd3wlqsfdbura90
sy18fax8uuln9bieszwyf421y
g0rs92yb668648bdo5pq6y05q
kd6m6qf62mt07ruuzcl91alv8
9af58mxagsdrt13erqz79q4ww
qy86pef6m67bjf7l33hh94pa9
ocvg0i0cukphyq5k5ty6yc46g
prn765whtx2hu8whiwdcnssk7
m2f2pq66jx1bqpb7sdpv78brz
v6d53szr5afjs9y4vpuebczhs
hod57fzyo6iuk5sic4rv4jzam
jspejbakjjbrp3apwgfhuz8g5
mvhpt1alzjicum9brjp7xg4cy
f7vtjp2a73l39f95a7hyijllm
